This is pdfTeX, Version 3.14159265-2.6-1.40.17 (TeX Live 2016) (preloaded format=pdflatex 2016.8.13)  7 OCT 2017 13:33
entering extended mode
 restricted \write18 enabled.
 file:line:error style messages enabled.
 %&-line parsing enabled.
**Assignment1.tex
(./Assignment1.tex
LaTeX2e <2016/03/31>
Babel <3.9r> and hyphenation patterns for 83 language(s) loaded.
(/usr/local/texlive/2016/texmf-dist/tex/latex/base/article.cls
Document Class: article 2014/09/29 v1.4h Standard LaTeX document class
(/usr/local/texlive/2016/texmf-dist/tex/latex/base/size10.clo
File: size10.clo 2014/09/29 v1.4h Standard LaTeX file (size option)
)
\c@part=\count79
\c@section=\count80
\c@subsection=\count81
\c@subsubsection=\count82
\c@paragraph=\count83
\c@subparagraph=\count84
\c@figure=\count85
\c@table=\count86
\abovecaptionskip=\skip41
\belowcaptionskip=\skip42
\bibindent=\dimen102
)
(/usr/local/texlive/2016/texmf-dist/tex/latex/preprint/fullpage.sty
Package: fullpage 1999/02/23 1.1 (PWD)
\FP@margin=\skip43
)
(/usr/local/texlive/2016/texmf-dist/tex/generic/ulem/ulem.sty
\UL@box=\box26
\UL@hyphenbox=\box27
\UL@skip=\skip44
\UL@hook=\toks14
\UL@height=\dimen103
\UL@pe=\count87
\UL@pixel=\dimen104
\ULC@box=\box28
Package: ulem 2012/05/18
\ULdepth=\dimen105
)
(/usr/local/texlive/2016/texmf-dist/tex/latex/amsmath/amstext.sty
Package: amstext 2000/06/29 v2.01 AMS text

(/usr/local/texlive/2016/texmf-dist/tex/latex/amsmath/amsgen.sty
File: amsgen.sty 1999/11/30 v2.0 generic functions
\@emptytoks=\toks15
\ex@=\dimen106
))
(/usr/local/texlive/2016/texmf-dist/tex/latex/amsmath/amsmath.sty
Package: amsmath 2016/03/10 v2.15b AMS math features
\@mathmargin=\skip45

For additional information on amsmath, use the `?' option.
(/usr/local/texlive/2016/texmf-dist/tex/latex/amsmath/amsbsy.sty
Package: amsbsy 1999/11/29 v1.2d Bold Symbols
\pmbraise@=\dimen107
)
(/usr/local/texlive/2016/texmf-dist/tex/latex/amsmath/amsopn.sty
Package: amsopn 2016/03/08 v2.02 operator names
)
\inf@bad=\count88
LaTeX Info: Redefining \frac on input line 199.
\uproot@=\count89
\leftroot@=\count90
LaTeX Info: Redefining \overline on input line 297.
\classnum@=\count91
\DOTSCASE@=\count92
LaTeX Info: Redefining \ldots on input line 394.
LaTeX Info: Redefining \dots on input line 397.
LaTeX Info: Redefining \cdots on input line 518.
\Mathstrutbox@=\box29
\strutbox@=\box30
\big@size=\dimen108
LaTeX Font Info:    Redeclaring font encoding OML on input line 634.
LaTeX Font Info:    Redeclaring font encoding OMS on input line 635.
\macc@depth=\count93
\c@MaxMatrixCols=\count94
\dotsspace@=\muskip10
\c@parentequation=\count95
\dspbrk@lvl=\count96
\tag@help=\toks16
\row@=\count97
\column@=\count98
\maxfields@=\count99
\andhelp@=\toks17
\eqnshift@=\dimen109
\alignsep@=\dimen110
\tagshift@=\dimen111
\tagwidth@=\dimen112
\totwidth@=\dimen113
\lineht@=\dimen114
\@envbody=\toks18
\multlinegap=\skip46
\multlinetaggap=\skip47
\mathdisplay@stack=\toks19
LaTeX Info: Redefining \[ on input line 2739.
LaTeX Info: Redefining \] on input line 2740.
)
(./Assignment1.aux)
\openout1 = `Assignment1.aux'.

LaTeX Font Info:    Checking defaults for OML/cmm/m/it on input line 9.
LaTeX Font Info:    ... okay on input line 9.
LaTeX Font Info:    Checking defaults for T1/cmr/m/n on input line 9.
LaTeX Font Info:    ... okay on input line 9.
LaTeX Font Info:    Checking defaults for OT1/cmr/m/n on input line 9.
LaTeX Font Info:    ... okay on input line 9.
LaTeX Font Info:    Checking defaults for OMS/cmsy/m/n on input line 9.
LaTeX Font Info:    ... okay on input line 9.
LaTeX Font Info:    Checking defaults for OMX/cmex/m/n on input line 9.
LaTeX Font Info:    ... okay on input line 9.
LaTeX Font Info:    Checking defaults for U/cmr/m/n on input line 9.
LaTeX Font Info:    ... okay on input line 9.

Underfull \hbox (badness 10000) in paragraph at lines 11--17

 []


Underfull \hbox (badness 10000) in paragraph at lines 72--76

 []


Overfull \hbox (31.30887pt too wide) in paragraph at lines 105--163
|  \OT1/cmr/m/n/12 ^^E[](\OML/cmm/m/it/12 LikerAndReceiver .[]/[] Follows\OT1/c
mr/m/n/12 ) 
 []


Overfull \hbox (35.46996pt too wide) in paragraph at lines 105--163
|  \OT1/cmr/m/n/12 ^^E[]\OML/cmm/m/it/12 ^^[[]\OT1/cmr/m/n/12 (\OML/cmm/m/it/12
 ViewerAndPoster .[]/ Follows\OT1/cmr/m/n/12 ) 
 []


Overfull \hbox (14.43945pt too wide) in paragraph at lines 105--163
|  \OT1/cmr/m/n/12 ^^E[]((\OML/cmm/m/it/12 UidNotLikedUnfollowed \OMS/cmsy/m/n/
12 [ \OML/cmm/m/it/12 UidNotViewedUnfollowed\OT1/cmr/m/n/12 ) \OML/cmm/m/it/12 
.[]/ User\OT1/cmr/m/n/12 )$
 []


Underfull \hbox (badness 10000) in paragraph at lines 105--163

 []

[1

{/usr/local/texlive/2016/texmf-var/fonts/map/pdftex/updmap/pdftex.map}]
Underfull \hbox (badness 10000) in paragraph at lines 166--169

 []


Overfull \hbox (16.90947pt too wide) in paragraph at lines 171--197
|  \OT1/cmr/m/n/12 ^^E[]\OML/cmm/m/it/12 ^^[[]\OT1/cmr/m/n/12 (\OML/cmm/m/it/12
 ^^Z[]TagWithDate \OMS/cmsy/m/n/12 ^^B \OML/cmm/m/it/12 ^^Z[]TagWithDate \OMS/c
msy/m/n/12 ^^B \OML/cmm/m/it/12 ^^Z[]TagWithDate\OT1/cmr/m/n/12 ) 
 []


Overfull \hbox (4.3629pt too wide) in paragraph at lines 171--197
\OML/cmm/m/it/12 TagLessThanThreeOneDay\OT1/cmr/m/n/12 ([]) := \OML/cmm/m/it/12
 TagWithDate \OMS/cmsy/m/n/12 ^^@ \OML/cmm/m/it/12 TagAtLeastThreeOneDay 
 []


Underfull \hbox (badness 10000) in paragraph at lines 171--197
$
 []


Underfull \hbox (badness 10000) in paragraph at lines 171--197

 []


Underfull \hbox (badness 10000) in paragraph at lines 199--207

 []


Underfull \hbox (badness 10000) in paragraph at lines 209--241
$
 []


Underfull \hbox (badness 10000) in paragraph at lines 209--241

 []

[2]
Underfull \hbox (badness 10000) in paragraph at lines 243--249

 []


Underfull \hbox (badness 10000) in paragraph at lines 252--255

 []


Overfull \hbox (41.89381pt too wide) in paragraph at lines 257--309
|  \OT1/cmr/m/n/12 ^^E[](\OML/cmm/m/it/12 PostWithFollowerUid \OMS/cmsy/m/n/12 
^^@ \OML/cmm/m/it/12 ^^Z[]PostWithLikerUid\OT1/cmr/m/n/12 ) 
 []


Overfull \hbox (40.24481pt too wide) in paragraph at lines 257--309
|  \OT1/cmr/m/n/12 ^^E[]\OML/cmm/m/it/12 ^^[[]\OT1/cmr/m/n/12 (\OML/cmm/m/it/12
 ^^Z[]Backscratchers \OMS/cmsy/m/n/12 ^^B \OML/cmm/m/it/12 ^^Z[]AllFollowed \OM
S/cmsy/m/n/12 ^^B \OML/cmm/m/it/12 ^^Z[]AllFollowed\OT1/cmr/m/n/12 ) 
 []


Underfull \hbox (badness 10000) in paragraph at lines 257--309
$
 []


Underfull \hbox (badness 10000) in paragraph at lines 257--309

 []

[3]
Underfull \hbox (badness 10000) in paragraph at lines 315--320

 []


Underfull \hbox (badness 10000) in paragraph at lines 322--358
$
 []


Underfull \hbox (badness 10000) in paragraph at lines 322--358

 []


Underfull \hbox (badness 10000) in paragraph at lines 369--373

 []


Underfull \hbox (badness 10000) in paragraph at lines 375--401
$
 []


Underfull \hbox (badness 10000) in paragraph at lines 375--401

 []

[4]
Underfull \hbox (badness 10000) in paragraph at lines 403--406

 []


Underfull \hbox (badness 10000) in paragraph at lines 408--410

 []


Underfull \hbox (badness 10000) in paragraph at lines 412--417

 []


Underfull \hbox (badness 10000) in paragraph at lines 419--449
$
 []


Underfull \hbox (badness 10000) in paragraph at lines 419--449

 []


Underfull \hbox (badness 10000) in paragraph at lines 464--469

 []

[5]
Overfull \hbox (9.37411pt too wide) in paragraph at lines 471--570
| \OML/cmm/m/it/12 ^^[[]\OT1/cmr/m/n/12 (\OML/cmm/m/it/12 ^^Z[]AllCommentsWithP
id \OMS/cmsy/m/n/12 ^^B \OML/cmm/m/it/12 ^^Z[]AllCommentsWithPid\OT1/cmr/m/n/12
 ) 
 []


Overfull \hbox (12.10986pt too wide) in paragraph at lines 471--570
| \OML/cmm/m/it/12 ^^[[]\OT1/cmr/m/n/12 (\OML/cmm/m/it/12 ^^Z[]AllCommentsWithP
id \OMS/cmsy/m/n/12 ^^B \OML/cmm/m/it/12 ^^Z[]AllCommentsWithPid\OT1/cmr/m/n/12
 ) 
 []


Overfull \hbox (0.58368pt too wide) in paragraph at lines 471--570
|  \OT1/cmr/m/n/12 ^^E[]\OML/cmm/m/it/12 ^^[[]\OT1/cmr/m/n/12 (\OML/cmm/m/it/12
 ^^Z[]EarliestPositive \OMS/cmsy/m/n/12 ^^B \OML/cmm/m/it/12 ^^Z[]LatestNegativ
e\OT1/cmr/m/n/12 ) 
 []


Overfull \hbox (12.10986pt too wide) in paragraph at lines 471--570
| \OML/cmm/m/it/12 ^^[[]\OT1/cmr/m/n/12 (\OML/cmm/m/it/12 ^^Z[]AllCommentsWithP
id \OMS/cmsy/m/n/12 ^^B \OML/cmm/m/it/12 ^^Z[]AllCommentsWithPid\OT1/cmr/m/n/12
 ) 
 []


Overfull \hbox (9.37411pt too wide) in paragraph at lines 471--570
| \OML/cmm/m/it/12 ^^[[]\OT1/cmr/m/n/12 (\OML/cmm/m/it/12 ^^Z[]AllCommentsWithP
id \OMS/cmsy/m/n/12 ^^B \OML/cmm/m/it/12 ^^Z[]AllCommentsWithPid\OT1/cmr/m/n/12
 ) 
 []


Overfull \hbox (2.08508pt too wide) in paragraph at lines 471--570
|  \OT1/cmr/m/n/12 ^^E[]\OML/cmm/m/it/12 ^^[[]\OT1/cmr/m/n/12 (\OML/cmm/m/it/12
 ^^Z[]EarliestNegative \OMS/cmsy/m/n/12 ^^B \OML/cmm/m/it/12 ^^Z[]LatestPositiv
e\OT1/cmr/m/n/12 ) 
 []


Underfull \hbox (badness 10000) in paragraph at lines 471--570

 []

[6]
Missing character: There is no â in font cmr12!
Missing character: There is no € in font cmr12!
Missing character: There is no ™ in font cmr12!

Underfull \hbox (badness 10000) in paragraph at lines 599--602

 []


Underfull \hbox (badness 10000) in paragraph at lines 604--609
$
 []


Underfull \hbox (badness 10000) in paragraph at lines 604--609

 []

[7]
Underfull \hbox (badness 10000) in paragraph at lines 611--612

 []


Underfull \hbox (badness 10000) in paragraph at lines 614--619
$
 []


Underfull \hbox (badness 10000) in paragraph at lines 614--619

 []


Underfull \hbox (badness 10000) in paragraph at lines 621--622

 []


Underfull \hbox (badness 10000) in paragraph at lines 624--638
$
 []


Underfull \hbox (badness 10000) in paragraph at lines 624--638

 []

[8] (./Assignment1.aux) ) 
Here is how much of TeX's memory you used:
 954 strings out of 493014
 10755 string characters out of 6133351
 70637 words of memory out of 5000000
 4540 multiletter control sequences out of 15000+600000
 11214 words of font info for 40 fonts, out of 8000000 for 9000
 1141 hyphenation exceptions out of 8191
 24i,7n,20p,240b,234s stack positions out of 5000i,500n,10000p,200000b,80000s
</usr/local/texlive/2016/texmf-dist/fonts/type1/public
/amsfonts/cm/cmbx12.pfb></usr/local/texlive/2016/texmf-dist/fonts/type1/public/
amsfonts/cm/cmcsc10.pfb></usr/local/texlive/2016/texmf-dist/fonts/type1/public/
amsfonts/cm/cmmi10.pfb></usr/local/texlive/2016/texmf-dist/fonts/type1/public/a
msfonts/cm/cmmi12.pfb></usr/local/texlive/2016/texmf-dist/fonts/type1/public/am
sfonts/cm/cmmi8.pfb></usr/local/texlive/2016/texmf-dist/fonts/type1/public/amsf
onts/cm/cmr10.pfb></usr/local/texlive/2016/texmf-dist/fonts/type1/public/amsfon
ts/cm/cmr12.pfb></usr/local/texlive/2016/texmf-dist/fonts/type1/public/amsfonts
/cm/cmr8.pfb></usr/local/texlive/2016/texmf-dist/fonts/type1/public/amsfonts/cm
/cmsy10.pfb></usr/local/texlive/2016/texmf-dist/fonts/type1/public/amsfonts/cm/
cmsy8.pfb></usr/local/texlive/2016/texmf-dist/fonts/type1/public/amsfonts/cm/cm
ti10.pfb></usr/local/texlive/2016/texmf-dist/fonts/type1/public/amsfonts/cm/cmt
i12.pfb>
Output written on Assignment1.pdf (8 pages, 169525 bytes).
PDF statistics:
 79 PDF objects out of 1000 (max. 8388607)
 56 compressed objects within 1 object stream
 0 named destinations out of 1000 (max. 500000)
 1 words of extra memory for PDF output out of 10000 (max. 10000000)

